<?xml version="1.0" encoding="UTF-8"?>
<!-- Generated by org.testng.reporters.JUnitXMLReporter -->
<testsuite ignored="0" hostname="GEMGN-250385" failures="0" tests="7" name="Test" time="144.023" errors="0" timestamp="2026-01-20T15:05:59 IST">
  <testcase classname="AmazonProject.AmazonProject1.TestCase2_LoginToAmazonWithValidEmailPassword" name="loginWithValidCreds" time="8.139"/>
  <testcase classname="AmazonProject.AmazonProject1.TestCase4_AmazonEditProfile" name="editProfile" time="9.809"/>
  <testcase classname="AmazonProject.AmazonProject1.TestCase5_AmazonSearchingTheProduct" name="SearchingTheProduct" time="12.425"/>
  <testcase classname="AmazonProject.AmazonProject1.TestCase7_AmazonProductDetails" name="ProductDetails" time="20.423"/>
  <testcase classname="AmazonProject.AmazonProject1.TestCase8_AmazonProductSorting" name="ProductDetails" time="14.404"/>
  <testcase classname="AmazonProject.AmazonProject1.TestCase9_verifyProductAddedToCart" name="ProductDetails" time="20.199"/>
  <testcase classname="AmazonProject.AmazonProject1.TestCase10_updateQuantity" name="ProductDetails" time="21.778"/>
</testsuite> <!-- Test -->
