<?xml version="1.0" encoding="UTF-8"?>
<!-- Generated by org.testng.reporters.JUnitXMLReporter -->
<testsuite ignored="0" hostname="GEMGN-250385" failures="0" tests="7" name="Test" time="219.422" errors="0" timestamp="2026-01-23T13:20:03 IST">
  <testcase classname="AmazonProject.AmazonProject1.TestCase2_LoginToAmazonWithValidEmailPassword" name="loginWithValidCreds" time="9.936"/>
  <testcase classname="AmazonProject.AmazonProject1.TestCase4_AmazonEditProfile" name="editProfile" time="12.168"/>
  <testcase classname="AmazonProject.AmazonProject1.TestCase5_AmazonSearchingTheProduct" name="SearchingTheProduct" time="12.791"/>
  <testcase classname="AmazonProject.AmazonProject1.TestCase7_AmazonProductDetails" name="ProductDetails" time="26.283"/>
  <testcase classname="AmazonProject.AmazonProject1.TestCase8_AmazonProductSorting" name="ProductDetails" time="17.704"/>
  <testcase classname="AmazonProject.AmazonProject1.TestCase9_verifyProductAddedToCart" name="ProductDetails" time="24.534"/>
  <testcase classname="AmazonProject.AmazonProject1.TestCase10_updateQuantity" name="ProductDetails" time="28.426"/>
</testsuite> <!-- Test -->
