<?xml version="1.0" encoding="UTF-8"?>
<testng-results ignored="0" total="7" passed="7" failed="0" skipped="0">
  <reporter-output>
  </reporter-output>
  <suite started-at="2026-01-23T13:16:24 IST" name="Suite" finished-at="2026-01-23T13:20:03 IST" duration-ms="219422">
    <groups>
    </groups>
    <test started-at="2026-01-23T13:16:24 IST" name="Test" finished-at="2026-01-23T13:20:03 IST" duration-ms="219422">
      <class name="AmazonProject.AmazonProject1.TestCase2_LoginToAmazonWithValidEmailPassword">
        <test-method is-config="true" signature="launchTheBrowser(java.lang.String)[pri:0, instance:AmazonProject.AmazonProject1.TestCase2_LoginToAmazonWithValidEmailPassword@1afd44cb]" started-at="2026-01-23T13:16:24 IST" name="launchTheBrowser" finished-at="2026-01-23T13:16:37 IST" duration-ms="13197" status="PASS">
          <params>
            <param index="0">
              <value>
                <![CDATA[edge]]>
              </value>
            </param>
          </params>
          <reporter-output>
          </reporter-output>
        </test-method> <!-- launchTheBrowser -->
        <test-method signature="loginWithValidCreds()[pri:0, instance:AmazonProject.AmazonProject1.TestCase2_LoginToAmazonWithValidEmailPassword@1afd44cb]" started-at="2026-01-23T13:16:37 IST" name="loginWithValidCreds" finished-at="2026-01-23T13:16:47 IST" duration-ms="9936" status="PASS">
          <reporter-output>
          </reporter-output>
        </test-method> <!-- loginWithValidCreds -->
        <test-method is-config="true" signature="quitTheBrowser()[pri:0, instance:AmazonProject.AmazonProject1.TestCase2_LoginToAmazonWithValidEmailPassword@1afd44cb]" started-at="2026-01-23T13:16:47 IST" name="quitTheBrowser" finished-at="2026-01-23T13:16:49 IST" duration-ms="2587" status="PASS">
          <reporter-output>
          </reporter-output>
        </test-method> <!-- quitTheBrowser -->
      </class> <!-- AmazonProject.AmazonProject1.TestCase2_LoginToAmazonWithValidEmailPassword -->
      <class name="AmazonProject.AmazonProject1.TestCase10_updateQuantity">
        <test-method is-config="true" signature="launchTheBrowser(java.lang.String)[pri:0, instance:AmazonProject.AmazonProject1.TestCase10_updateQuantity@52bf72b5]" started-at="2026-01-23T13:19:22 IST" name="launchTheBrowser" finished-at="2026-01-23T13:19:32 IST" duration-ms="9659" status="PASS">
          <params>
            <param index="0">
              <value>
                <![CDATA[edge]]>
              </value>
            </param>
          </params>
          <reporter-output>
          </reporter-output>
        </test-method> <!-- launchTheBrowser -->
        <test-method signature="ProductDetails()[pri:0, instance:AmazonProject.AmazonProject1.TestCase10_updateQuantity@52bf72b5]" started-at="2026-01-23T13:19:32 IST" name="ProductDetails" finished-at="2026-01-23T13:20:00 IST" duration-ms="28426" status="PASS">
          <reporter-output>
          </reporter-output>
        </test-method> <!-- ProductDetails -->
        <test-method is-config="true" signature="quitTheBrowser()[pri:0, instance:AmazonProject.AmazonProject1.TestCase10_updateQuantity@52bf72b5]" started-at="2026-01-23T13:20:00 IST" name="quitTheBrowser" finished-at="2026-01-23T13:20:03 IST" duration-ms="2674" status="PASS">
          <reporter-output>
          </reporter-output>
        </test-method> <!-- quitTheBrowser -->
      </class> <!-- AmazonProject.AmazonProject1.TestCase10_updateQuantity -->
      <class name="AmazonProject.AmazonProject1.TestCase4_AmazonEditProfile">
        <test-method is-config="true" signature="launchTheBrowser(java.lang.String)[pri:0, instance:AmazonProject.AmazonProject1.TestCase4_AmazonEditProfile@5b239d7d]" started-at="2026-01-23T13:16:49 IST" name="launchTheBrowser" finished-at="2026-01-23T13:16:59 IST" duration-ms="9413" status="PASS">
          <params>
            <param index="0">
              <value>
                <![CDATA[edge]]>
              </value>
            </param>
          </params>
          <reporter-output>
          </reporter-output>
        </test-method> <!-- launchTheBrowser -->
        <test-method signature="editProfile()[pri:0, instance:AmazonProject.AmazonProject1.TestCase4_AmazonEditProfile@5b239d7d]" started-at="2026-01-23T13:16:59 IST" name="editProfile" finished-at="2026-01-23T13:17:11 IST" duration-ms="12168" status="PASS">
          <reporter-output>
          </reporter-output>
        </test-method> <!-- editProfile -->
        <test-method is-config="true" signature="quitTheBrowser()[pri:0, instance:AmazonProject.AmazonProject1.TestCase4_AmazonEditProfile@5b239d7d]" started-at="2026-01-23T13:17:11 IST" name="quitTheBrowser" finished-at="2026-01-23T13:17:14 IST" duration-ms="2588" status="PASS">
          <reporter-output>
          </reporter-output>
        </test-method> <!-- quitTheBrowser -->
      </class> <!-- AmazonProject.AmazonProject1.TestCase4_AmazonEditProfile -->
      <class name="AmazonProject.AmazonProject1.TestCase7_AmazonProductDetails">
        <test-method is-config="true" signature="launchTheBrowser(java.lang.String)[pri:0, instance:AmazonProject.AmazonProject1.TestCase7_AmazonProductDetails@6b81ce95]" started-at="2026-01-23T13:17:38 IST" name="launchTheBrowser" finished-at="2026-01-23T13:17:48 IST" duration-ms="9322" status="PASS">
          <params>
            <param index="0">
              <value>
                <![CDATA[edge]]>
              </value>
            </param>
          </params>
          <reporter-output>
          </reporter-output>
        </test-method> <!-- launchTheBrowser -->
        <test-method signature="ProductDetails()[pri:0, instance:AmazonProject.AmazonProject1.TestCase7_AmazonProductDetails@6b81ce95]" started-at="2026-01-23T13:17:48 IST" name="ProductDetails" finished-at="2026-01-23T13:18:14 IST" duration-ms="26283" status="PASS">
          <reporter-output>
          </reporter-output>
        </test-method> <!-- ProductDetails -->
        <test-method is-config="true" signature="quitTheBrowser()[pri:0, instance:AmazonProject.AmazonProject1.TestCase7_AmazonProductDetails@6b81ce95]" started-at="2026-01-23T13:18:14 IST" name="quitTheBrowser" finished-at="2026-01-23T13:18:17 IST" duration-ms="2705" status="PASS">
          <reporter-output>
          </reporter-output>
        </test-method> <!-- quitTheBrowser -->
      </class> <!-- AmazonProject.AmazonProject1.TestCase7_AmazonProductDetails -->
      <class name="AmazonProject.AmazonProject1.TestCase8_AmazonProductSorting">
        <test-method is-config="true" signature="launchTheBrowser(java.lang.String)[pri:0, instance:AmazonProject.AmazonProject1.TestCase8_AmazonProductSorting@2a798d51]" started-at="2026-01-23T13:18:17 IST" name="launchTheBrowser" finished-at="2026-01-23T13:18:26 IST" duration-ms="9550" status="PASS">
          <params>
            <param index="0">
              <value>
                <![CDATA[edge]]>
              </value>
            </param>
          </params>
          <reporter-output>
          </reporter-output>
        </test-method> <!-- launchTheBrowser -->
        <test-method signature="ProductDetails()[pri:0, instance:AmazonProject.AmazonProject1.TestCase8_AmazonProductSorting@2a798d51]" started-at="2026-01-23T13:18:26 IST" name="ProductDetails" finished-at="2026-01-23T13:18:44 IST" duration-ms="17704" status="PASS">
          <reporter-output>
          </reporter-output>
        </test-method> <!-- ProductDetails -->
        <test-method is-config="true" signature="quitTheBrowser()[pri:0, instance:AmazonProject.AmazonProject1.TestCase8_AmazonProductSorting@2a798d51]" started-at="2026-01-23T13:18:44 IST" name="quitTheBrowser" finished-at="2026-01-23T13:18:46 IST" duration-ms="2164" status="PASS">
          <reporter-output>
          </reporter-output>
        </test-method> <!-- quitTheBrowser -->
      </class> <!-- AmazonProject.AmazonProject1.TestCase8_AmazonProductSorting -->
      <class name="AmazonProject.AmazonProject1.TestCase9_verifyProductAddedToCart">
        <test-method is-config="true" signature="launchTheBrowser(java.lang.String)[pri:0, instance:AmazonProject.AmazonProject1.TestCase9_verifyProductAddedToCart@6d763516]" started-at="2026-01-23T13:18:46 IST" name="launchTheBrowser" finished-at="2026-01-23T13:18:55 IST" duration-ms="8904" status="PASS">
          <params>
            <param index="0">
              <value>
                <![CDATA[edge]]>
              </value>
            </param>
          </params>
          <reporter-output>
          </reporter-output>
        </test-method> <!-- launchTheBrowser -->
        <test-method signature="ProductDetails()[pri:0, instance:AmazonProject.AmazonProject1.TestCase9_verifyProductAddedToCart@6d763516]" started-at="2026-01-23T13:18:55 IST" name="ProductDetails" finished-at="2026-01-23T13:19:19 IST" duration-ms="24534" status="PASS">
          <reporter-output>
          </reporter-output>
        </test-method> <!-- ProductDetails -->
        <test-method is-config="true" signature="quitTheBrowser()[pri:0, instance:AmazonProject.AmazonProject1.TestCase9_verifyProductAddedToCart@6d763516]" started-at="2026-01-23T13:19:19 IST" name="quitTheBrowser" finished-at="2026-01-23T13:19:22 IST" duration-ms="2799" status="PASS">
          <reporter-output>
          </reporter-output>
        </test-method> <!-- quitTheBrowser -->
      </class> <!-- AmazonProject.AmazonProject1.TestCase9_verifyProductAddedToCart -->
      <class name="AmazonProject.AmazonProject1.TestCase5_AmazonSearchingTheProduct">
        <test-method is-config="true" signature="launchTheBrowser(java.lang.String)[pri:0, instance:AmazonProject.AmazonProject1.TestCase5_AmazonSearchingTheProduct@6572421]" started-at="2026-01-23T13:17:14 IST" name="launchTheBrowser" finished-at="2026-01-23T13:17:23 IST" duration-ms="9507" status="PASS">
          <params>
            <param index="0">
              <value>
                <![CDATA[edge]]>
              </value>
            </param>
          </params>
          <reporter-output>
          </reporter-output>
        </test-method> <!-- launchTheBrowser -->
        <test-method signature="SearchingTheProduct()[pri:0, instance:AmazonProject.AmazonProject1.TestCase5_AmazonSearchingTheProduct@6572421]" started-at="2026-01-23T13:17:23 IST" name="SearchingTheProduct" finished-at="2026-01-23T13:17:36 IST" duration-ms="12791" status="PASS">
          <reporter-output>
          </reporter-output>
        </test-method> <!-- SearchingTheProduct -->
        <test-method is-config="true" signature="quitTheBrowser()[pri:0, instance:AmazonProject.AmazonProject1.TestCase5_AmazonSearchingTheProduct@6572421]" started-at="2026-01-23T13:17:36 IST" name="quitTheBrowser" finished-at="2026-01-23T13:17:38 IST" duration-ms="2368" status="PASS">
          <reporter-output>
          </reporter-output>
        </test-method> <!-- quitTheBrowser -->
      </class> <!-- AmazonProject.AmazonProject1.TestCase5_AmazonSearchingTheProduct -->
    </test> <!-- Test -->
  </suite> <!-- Suite -->
</testng-results>
