<?xml version="1.0" encoding="UTF-8"?>
<testng-results ignored="0" total="1" passed="1" failed="0" skipped="0">
  <reporter-output>
    <line>
      <![CDATA[Test Case is pass]]>
    </line>
  </reporter-output>
  <suite started-at="2026-01-04T16:21:49 IST" name="Default suite" finished-at="2026-01-04T16:22:17 IST" duration-ms="27996">
    <groups>
    </groups>
    <test started-at="2026-01-04T16:21:49 IST" name="Default test" finished-at="2026-01-04T16:22:17 IST" duration-ms="27996">
      <class name="AmazonProject.AmazonProject1.TestCase7_AmazonProductDetails">
        <test-method is-config="true" signature="launchTheBrowser(java.lang.String)[pri:0, instance:AmazonProject.AmazonProject1.TestCase7_AmazonProductDetails@411f53a0]" started-at="2026-01-04T16:21:49 IST" name="launchTheBrowser" finished-at="2026-01-04T16:21:55 IST" duration-ms="5809" status="PASS">
          <params>
            <param index="0">
              <value>
                <![CDATA[chrome]]>
              </value>
            </param>
          </params>
          <reporter-output>
          </reporter-output>
        </test-method> <!-- launchTheBrowser -->
        <test-method signature="ProductDetails()[pri:0, instance:AmazonProject.AmazonProject1.TestCase7_AmazonProductDetails@411f53a0]" started-at="2026-01-04T16:21:55 IST" name="ProductDetails" finished-at="2026-01-04T16:22:16 IST" duration-ms="20956" status="PASS">
          <reporter-output>
            <line>
              <![CDATA[Test Case is pass]]>
            </line>
          </reporter-output>
        </test-method> <!-- ProductDetails -->
        <test-method is-config="true" signature="quitTheBrowser()[pri:0, instance:AmazonProject.AmazonProject1.TestCase7_AmazonProductDetails@411f53a0]" started-at="2026-01-04T16:22:16 IST" name="quitTheBrowser" finished-at="2026-01-04T16:22:17 IST" duration-ms="824" status="PASS">
          <reporter-output>
          </reporter-output>
        </test-method> <!-- quitTheBrowser -->
      </class> <!-- AmazonProject.AmazonProject1.TestCase7_AmazonProductDetails -->
    </test> <!-- Default test -->
  </suite> <!-- Default suite -->
</testng-results>
