<?xml version="1.0" encoding="UTF-8"?>
<!-- Generated by org.testng.reporters.JUnitReportReporter -->
<testsuite hostname="GEMGN-250385" failures="0" tests="1" name="AmazonProject.AmazonProject1.TestCase7_AmazonProductDetails" time="25.794" errors="0" timestamp="2026-01-20T15:05:59 IST" skipped="0">
  <testcase classname="AmazonProject.AmazonProject1.TestCase7_AmazonProductDetails" name="ProductDetails" time="25.794"/>
</testsuite> <!-- AmazonProject.AmazonProject1.TestCase7_AmazonProductDetails -->
