<?xml version="1.0" encoding="UTF-8"?>
<!-- Generated by org.testng.reporters.JUnitReportReporter -->
<testsuite hostname="GEMGN-250385" failures="0" tests="1" name="AmazonProject.AmazonProject1.TestCase1_LoginToAmazonWithValidEmailPassword" time="10.744" errors="0" timestamp="2025-12-29T18:14:23 IST" skipped="0">
  <testcase classname="AmazonProject.AmazonProject1.TestCase1_LoginToAmazonWithValidEmailPassword" name="loginWithValidCreds" time="10.744"/>
</testsuite> <!-- AmazonProject.AmazonProject1.TestCase1_LoginToAmazonWithValidEmailPassword -->
