<?xml version="1.0" encoding="UTF-8"?>
<!-- Generated by org.testng.reporters.JUnitReportReporter -->
<testsuite hostname="GEMGN-250385" failures="0" tests="2" name="AmazonProject.AmazonProject1.TestCase4_AmazonEditProfile" time="34.011" errors="0" timestamp="2026-01-03T19:05:44 IST" skipped="1">
  <testcase classname="AmazonProject.AmazonProject1.TestCase4_AmazonEditProfile" name="editProfile" time="17.176">
    <skipped/>
  </testcase> <!-- editProfile -->
  <testcase classname="AmazonProject.AmazonProject1.TestCase4_AmazonEditProfile" name="editProfile" time="16.835">
    <system-out>
      <![CDATA[Test Case is pass]]>
    </system-out>
  </testcase> <!-- editProfile -->
  <system-out>
    <![CDATA[Test Case is pass]]>
  </system-out>
</testsuite> <!-- AmazonProject.AmazonProject1.TestCase4_AmazonEditProfile -->
