<?xml version="1.0" encoding="UTF-8"?>
<!-- Generated by org.testng.reporters.JUnitReportReporter -->
<testsuite hostname="GEMGN-250385" failures="0" tests="1" name="AmazonProject.AmazonProject1.TestCase2_LoginToAmazonWithValidEmailPassword" time="16.433" errors="0" timestamp="2026-01-22T11:09:38 IST" skipped="0">
  <testcase classname="AmazonProject.AmazonProject1.TestCase2_LoginToAmazonWithValidEmailPassword" name="loginWithValidCreds" time="16.433"/>
</testsuite> <!-- AmazonProject.AmazonProject1.TestCase2_LoginToAmazonWithValidEmailPassword -->
