<?xml version="1.0" encoding="UTF-8"?>
<!-- Generated by org.testng.reporters.JUnitReportReporter -->
<testsuite hostname="GEMGN-250385" failures="0" tests="1" name="AmazonProject.AmazonProject1.TestCase5_AmazonSearchingTheProduct" time="14.840" errors="0" timestamp="2025-12-29T19:05:31 IST" skipped="0">
  <testcase classname="AmazonProject.AmazonProject1.TestCase5_AmazonSearchingTheProduct" name="SearchingTheProduct" time="14.840"/>
</testsuite> <!-- AmazonProject.AmazonProject1.TestCase5_AmazonSearchingTheProduct -->
