<?xml version="1.0" encoding="UTF-8"?>
<!-- Generated by org.testng.reporters.JUnitReportReporter -->
<testsuite hostname="GEMGN-250385" failures="0" tests="1" name="AmazonProject.AmazonProject1.TestCase2_LoginToAmazonWithValidEmailPassword" time="11.629" errors="0" timestamp="2026-01-03T20:15:16 IST" skipped="0">
  <testcase classname="AmazonProject.AmazonProject1.TestCase2_LoginToAmazonWithValidEmailPassword" name="loginWithValidCreds" time="11.629">
    <system-out>
      <![CDATA[Test Case is pass]]>
    </system-out>
  </testcase> <!-- loginWithValidCreds -->
  <system-out>
    <![CDATA[Test Case is pass]]>
  </system-out>
</testsuite> <!-- AmazonProject.AmazonProject1.TestCase2_LoginToAmazonWithValidEmailPassword -->
