<?xml version="1.0" encoding="UTF-8"?>
<!-- Generated by org.testng.reporters.JUnitReportReporter -->
<testsuite hostname="GEMGN-250385" failures="0" tests="1" name="AmazonProject.AmazonProject1.TestCase7_AmazonProductDetails" time="27.589" errors="0" timestamp="2026-01-04T16:22:17 IST" skipped="0">
  <testcase classname="AmazonProject.AmazonProject1.TestCase7_AmazonProductDetails" name="ProductDetails" time="27.589">
    <system-out>
      <![CDATA[Test Case is pass]]>
    </system-out>
  </testcase> <!-- ProductDetails -->
  <system-out>
    <![CDATA[Test Case is pass]]>
  </system-out>
</testsuite> <!-- AmazonProject.AmazonProject1.TestCase7_AmazonProductDetails -->
