<?xml version="1.0" encoding="UTF-8"?>
<!-- Generated by org.testng.reporters.JUnitReportReporter -->
<testsuite hostname="GEMGN-250385" failures="0" tests="1" name="AmazonProject.AmazonProject1.TestCase9_verifyProductAddedToCart" time="36.237" errors="0" timestamp="2026-01-23T13:20:03 IST" skipped="0">
  <testcase classname="AmazonProject.AmazonProject1.TestCase9_verifyProductAddedToCart" name="ProductDetails" time="36.237"/>
</testsuite> <!-- AmazonProject.AmazonProject1.TestCase9_verifyProductAddedToCart -->
