<?xml version="1.0" encoding="UTF-8"?>
<!-- Generated by org.testng.reporters.JUnitReportReporter -->
<testsuite hostname="GEMGN-250385" failures="0" tests="1" name="AmazonProject.AmazonProject1.TestCase7_AmazonProductDetails" time="38.310" errors="0" timestamp="2026-01-23T13:20:03 IST" skipped="0">
  <testcase classname="AmazonProject.AmazonProject1.TestCase7_AmazonProductDetails" name="ProductDetails" time="38.310"/>
</testsuite> <!-- AmazonProject.AmazonProject1.TestCase7_AmazonProductDetails -->
