<?xml version="1.0" encoding="UTF-8"?>
<!-- Generated by org.testng.reporters.JUnitReportReporter -->
<testsuite hostname="GEMGN-250385" failures="0" tests="1" name="AmazonProject.AmazonProject1.TestCase2_LoginToAmazonWithValidEmailPassword" time="25.720" errors="0" timestamp="2026-01-23T13:20:03 IST" skipped="0">
  <testcase classname="AmazonProject.AmazonProject1.TestCase2_LoginToAmazonWithValidEmailPassword" name="loginWithValidCreds" time="25.720"/>
</testsuite> <!-- AmazonProject.AmazonProject1.TestCase2_LoginToAmazonWithValidEmailPassword -->
